[0.178s] Invoking command in '/desktop/AMR-Proj/AMR_Proj/Proj/dev-last/build/stella_ahrs': CMAKE_PREFIX_PATH=${CMAKE_PREFIX_PATH}:/desktop/AMR-Proj/AMR_Proj/Proj/dev-last/install/omo_r1mini_bringup:/opt/ros/foxy /usr/bin/cmake --build /desktop/AMR-Proj/AMR_Proj/Proj/dev-last/build/stella_ahrs -- -j4 -l4
[0.268s] -- Found ament_cmake: 0.9.12 (/opt/ros/foxy/share/ament_cmake/cmake)
[0.360s] -- Using PYTHON_EXECUTABLE: /usr/bin/python3
[0.763s] -- Override CMake install command with custom implementation using symlinks instead of copying resources
[0.781s] -- Found rclcpp: 2.4.3 (/opt/ros/foxy/share/rclcpp/cmake)
[0.852s] -- Using all available rosidl_typesupport_c: rosidl_typesupport_fastrtps_c;rosidl_typesupport_introspection_c
[0.859s] -- Found rosidl_adapter: 1.3.1 (/opt/ros/foxy/share/rosidl_adapter/cmake)
[1.212s] -- Using all available rosidl_typesupport_cpp: rosidl_typesupport_fastrtps_cpp;rosidl_typesupport_introspection_cpp
[1.305s] -- Found rmw_implementation_cmake: 1.0.4 (/opt/ros/foxy/share/rmw_implementation_cmake/cmake)
[1.308s] -- Using RMW implementation 'rmw_fastrtps_cpp' as default
[1.542s] -- Found sensor_msgs: 2.0.5 (/opt/ros/foxy/share/sensor_msgs/cmake)
[1.735s] -- Found tf2: 0.13.14 (/opt/ros/foxy/share/tf2/cmake)
[1.749s] -- Found tf2_ros: 0.13.14 (/opt/ros/foxy/share/tf2_ros/cmake)
[2.492s] -- Configuring done
[2.521s] -- Generating done
[2.528s] -- Build files have been written to: /desktop/AMR-Proj/AMR_Proj/Proj/dev-last/build/stella_ahrs
[2.627s] [35m[1mScanning dependencies of target stella_ahrs_node[0m
[2.700s] [ 16%] [32mBuilding CXX object CMakeFiles/stella_ahrs_node.dir/serial/list_ports_linux.cc.o[0m
[2.706s] [ 33%] [32mBuilding CXX object CMakeFiles/stella_ahrs_node.dir/serial/serial.cc.o[0m
[2.707s] [ 50%] [32mBuilding CXX object CMakeFiles/stella_ahrs_node.dir/src/listener.cpp.o[0m
[2.707s] [ 66%] [32mBuilding CXX object CMakeFiles/stella_ahrs_node.dir/serial/unix.cc.o[0m
[3.907s] [01m[K/desktop/AMR-Proj/AMR_Proj/Proj/dev-last/src/stella_ahrs/serial/list_ports_linux.cc:[m[K In function â€˜[01m[Kstd::vector<std::__cxx11::basic_string<char> > glob(const std::vector<std::__cxx11::basic_string<char> >&)[m[Kâ€™:
[3.907s] [01m[K/desktop/AMR-Proj/AMR_Proj/Proj/dev-last/src/stella_ahrs/serial/list_ports_linux.cc:66:40:[m[K [01;35m[Kwarning: [m[Kcomparison of integer expressions of different signedness: â€˜[01m[Kint[m[Kâ€™ and â€˜[01m[Ksize_t[m[Kâ€™ {aka â€˜[01m[Klong unsigned int[m[Kâ€™} [[01;35m[K-Wsign-compare[m[K]
[3.908s]    66 |     for(int path_index = 0; [01;35m[Kpath_index < glob_results.gl_pathc[m[K; path_index++)
[3.908s]       |                             [01;35m[K~~~~~~~~~~~^~~~~~~~~~~~~~~~~~~~~~~[m[K
[3.908s] [01m[K/desktop/AMR-Proj/AMR_Proj/Proj/dev-last/src/stella_ahrs/serial/list_ports_linux.cc:57:9:[m[K [01;35m[Kwarning: [m[Kvariable â€˜[01m[Kglob_retval[m[Kâ€™ set but not used [[01;35m[K-Wunused-but-set-variable[m[K]
[3.908s]    57 |     int [01;35m[Kglob_retval[m[K = glob(patterns[0].c_str(), 0, NULL, &glob_results);
[3.908s]       |         [01;35m[K^~~~~~~~~~~[m[K
[3.923s] [01m[K/desktop/AMR-Proj/AMR_Proj/Proj/dev-last/src/stella_ahrs/serial/list_ports_linux.cc:[m[K In function â€˜[01m[Kstd::string format(const char*, ...)[m[Kâ€™:
[3.924s] [01m[K/desktop/AMR-Proj/AMR_Proj/Proj/dev-last/src/stella_ahrs/serial/list_ports_linux.cc:246:31:[m[K [01;35m[Kwarning: [m[Kcomparison of integer expressions of different signedness: â€˜[01m[Kint[m[Kâ€™ and â€˜[01m[Ksize_t[m[Kâ€™ {aka â€˜[01m[Klong unsigned int[m[Kâ€™} [[01;35m[K-Wsign-compare[m[K]
[3.924s]   246 |         else if( [01;35m[Kreturn_value >= buffer_size_bytes[m[K )
[3.924s]       |                  [01;35m[K~~~~~~~~~~~~~^~~~~~~~~~~~~~~~~~~~[m[K
[4.203s] make[2]: *** No rule to make target '/desktop/AMR-Proj/AMR_Proj/Proj/dev-last/src/stella_ahrs/lib/MW_AHRS_aarch64.a', needed by 'stella_ahrs_node'.  Stop.
[4.203s] make[2]: *** Waiting for unfinished jobs....
[4.235s] [ 83%] [32mBuilding CXX object CMakeFiles/stella_ahrs_node.dir/mw/mw_ahrs.cpp.o[0m
[6.399s] [01m[K/desktop/AMR-Proj/AMR_Proj/Proj/dev-last/src/stella_ahrs/src/listener.cpp:[m[K In function â€˜[01m[Kint main(int, char**)[m[Kâ€™:
[6.400s] [01m[K/desktop/AMR-Proj/AMR_Proj/Proj/dev-last/src/stella_ahrs/src/listener.cpp:7:18:[m[K [01;35m[Kwarning: [m[KISO C++ forbids converting a string constant to â€˜[01m[Kchar*[m[Kâ€™ [[01;35m[K-Wwrite-strings[m[K]
[6.400s]     7 |     char *port = [01;35m[K"/dev/AHRS"[m[K;
[6.400s]       |                  [01;35m[K^~~~~~~~~~~[m[K
[6.888s] [01m[K/desktop/AMR-Proj/AMR_Proj/Proj/dev-last/src/stella_ahrs/mw/mw_ahrs.cpp:[m[K In static member function â€˜[01m[Kstatic void* ntrex::MwAhrsRosDriver::MwAhrsRead(void*)[m[Kâ€™:
[6.888s] [01m[K/desktop/AMR-Proj/AMR_Proj/Proj/dev-last/src/stella_ahrs/mw/mw_ahrs.cpp:48:3:[m[K [01;35m[Kwarning: [m[Kno return statement in function returning non-void [[01;35m[K-Wreturn-type[m[K]
[6.888s]    48 |   [01;35m[K}[m[K
[6.888s]       |   [01;35m[K^[m[K
[6.888s] [01m[K/desktop/AMR-Proj/AMR_Proj/Proj/dev-last/src/stella_ahrs/mw/mw_ahrs.cpp:12:43:[m[K [01;35m[Kwarning: [m[Kunused parameter â€˜[01m[Karg[m[Kâ€™ [[01;35m[K-Wunused-parameter[m[K]
[6.888s]    12 |   void *MwAhrsRosDriver::MwAhrsRead([01;35m[Kvoid *arg[m[K)
[6.889s]       |                                     [01;35m[K~~~~~~^~~[m[K
[7.178s] In file included from [01m[K/desktop/AMR-Proj/AMR_Proj/Proj/dev-last/src/stella_ahrs/src/listener.cpp:1[m[K:
[7.178s] [01m[K/desktop/AMR-Proj/AMR_Proj/Proj/dev-last/src/stella_ahrs/include/mw/mw_ahrs.hpp:[m[K At global scope:
[7.178s] [01m[K/desktop/AMR-Proj/AMR_Proj/Proj/dev-last/src/stella_ahrs/include/mw/mw_ahrs.hpp:41:13:[m[K [01;35m[Kwarning: [m[Kâ€˜[01m[Krun_bool[m[Kâ€™ defined but not used [[01;35m[K-Wunused-variable[m[K]
[7.178s]    41 | static bool [01;35m[Krun_bool[m[K = false;
[7.178s]       |             [01;35m[K^~~~~~~~[m[K
[7.178s] [01m[K/desktop/AMR-Proj/AMR_Proj/Proj/dev-last/src/stella_ahrs/include/mw/mw_ahrs.hpp:38:14:[m[K [01;35m[Kwarning: [m[Kâ€˜[01m[Kmag_value[m[Kâ€™ defined but not used [[01;35m[K-Wunused-variable[m[K]
[7.178s]    38 |              [01;35m[Kmag_value[m[K[3] = {
[7.179s]       |              [01;35m[K^~~~~~~~~[m[K
[7.179s] [01m[K/desktop/AMR-Proj/AMR_Proj/Proj/dev-last/src/stella_ahrs/include/mw/mw_ahrs.hpp:35:14:[m[K [01;35m[Kwarning: [m[Kâ€˜[01m[Kdeg_value[m[Kâ€™ defined but not used [[01;35m[K-Wunused-variable[m[K]
[7.179s]    35 |              [01;35m[Kdeg_value[m[K[3] = {
[7.179s]       |              [01;35m[K^~~~~~~~~[m[K
[7.179s] [01m[K/desktop/AMR-Proj/AMR_Proj/Proj/dev-last/src/stella_ahrs/include/mw/mw_ahrs.hpp:32:14:[m[K [01;35m[Kwarning: [m[Kâ€˜[01m[Kgyr_value[m[Kâ€™ defined but not used [[01;35m[K-Wunused-variable[m[K]
[7.179s]    32 |              [01;35m[Kgyr_value[m[K[3] = {
[7.179s]       |              [01;35m[K^~~~~~~~~[m[K
[7.179s] [01m[K/desktop/AMR-Proj/AMR_Proj/Proj/dev-last/src/stella_ahrs/include/mw/mw_ahrs.hpp:29:14:[m[K [01;35m[Kwarning: [m[Kâ€˜[01m[Kacc_value[m[Kâ€™ defined but not used [[01;35m[K-Wunused-variable[m[K]
[7.180s]    29 | static float [01;35m[Kacc_value[m[K[3] = {
[7.180s]       |              [01;35m[K^~~~~~~~~[m[K
[11.175s] make[1]: *** [CMakeFiles/Makefile2:78: CMakeFiles/stella_ahrs_node.dir/all] Error 2
[11.176s] make: *** [Makefile:141: all] Error 2
[11.179s] Invoked command in '/desktop/AMR-Proj/AMR_Proj/Proj/dev-last/build/stella_ahrs' returned '2': CMAKE_PREFIX_PATH=${CMAKE_PREFIX_PATH}:/desktop/AMR-Proj/AMR_Proj/Proj/dev-last/install/omo_r1mini_bringup:/opt/ros/foxy /usr/bin/cmake --build /desktop/AMR-Proj/AMR_Proj/Proj/dev-last/build/stella_ahrs -- -j4 -l4
