[0.166s] Invoking command in '/desktop/AMR-Proj/AMR_Proj/Proj/dev-last/build/stella_ahrs': CMAKE_PREFIX_PATH=${CMAKE_PREFIX_PATH}:/desktop/AMR-Proj/AMR_Proj/Proj/dev-last/install/omo_r1mini_bringup:/opt/ros/foxy /usr/bin/cmake /desktop/AMR-Proj/AMR_Proj/Proj/dev-last/src/stella_ahrs -DAMENT_CMAKE_SYMLINK_INSTALL=1 -DCMAKE_INSTALL_PREFIX=/desktop/AMR-Proj/AMR_Proj/Proj/dev-last/install/stella_ahrs
[0.359s] -- Found ament_cmake: 0.9.12 (/opt/ros/foxy/share/ament_cmake/cmake)
[0.635s] -- Using PYTHON_EXECUTABLE: /usr/bin/python3
[2.043s] -- Override CMake install command with custom implementation using symlinks instead of copying resources
[2.143s] -- Found rclcpp: 2.4.3 (/opt/ros/foxy/share/rclcpp/cmake)
[2.592s] -- Using all available rosidl_typesupport_c: rosidl_typesupport_fastrtps_c;rosidl_typesupport_introspection_c
[2.616s] -- Found rosidl_adapter: 1.3.1 (/opt/ros/foxy/share/rosidl_adapter/cmake)
[3.976s] -- Using all available rosidl_typesupport_cpp: rosidl_typesupport_fastrtps_cpp;rosidl_typesupport_introspection_cpp
[4.794s] -- Found rmw_implementation_cmake: 1.0.4 (/opt/ros/foxy/share/rmw_implementation_cmake/cmake)
[4.834s] -- Using RMW implementation 'rmw_fastrtps_cpp' as default
[6.606s] -- Found sensor_msgs: 2.0.5 (/opt/ros/foxy/share/sensor_msgs/cmake)
[8.075s] -- Found tf2: 0.13.14 (/opt/ros/foxy/share/tf2/cmake)
[8.194s] -- Found tf2_ros: 0.13.14 (/opt/ros/foxy/share/tf2_ros/cmake)
[13.134s] -- Configuring done
[13.370s] -- Generating done
[13.428s] -- Build files have been written to: /desktop/AMR-Proj/AMR_Proj/Proj/dev-last/build/stella_ahrs
[13.622s] Invoked command in '/desktop/AMR-Proj/AMR_Proj/Proj/dev-last/build/stella_ahrs' returned '0': CMAKE_PREFIX_PATH=${CMAKE_PREFIX_PATH}:/desktop/AMR-Proj/AMR_Proj/Proj/dev-last/install/omo_r1mini_bringup:/opt/ros/foxy /usr/bin/cmake /desktop/AMR-Proj/AMR_Proj/Proj/dev-last/src/stella_ahrs -DAMENT_CMAKE_SYMLINK_INSTALL=1 -DCMAKE_INSTALL_PREFIX=/desktop/AMR-Proj/AMR_Proj/Proj/dev-last/install/stella_ahrs
[13.627s] Invoking command in '/desktop/AMR-Proj/AMR_Proj/Proj/dev-last/build/stella_ahrs': CMAKE_PREFIX_PATH=${CMAKE_PREFIX_PATH}:/desktop/AMR-Proj/AMR_Proj/Proj/dev-last/install/omo_r1mini_bringup:/opt/ros/foxy /usr/bin/cmake --build /desktop/AMR-Proj/AMR_Proj/Proj/dev-last/build/stella_ahrs -- -j4 -l4
[14.598s] [ 16%] [32m[1mLinking CXX executable stella_ahrs_node[0m
[14.818s] /usr/bin/ld: /desktop/AMR-Proj/AMR_Proj/Proj/dev-last/src/stella_ahrs/lib/MW_AHRS_amd64.a(MW_serial.o): Relocations in generic ELF (EM: 62)
[14.821s] /usr/bin/ld: /desktop/AMR-Proj/AMR_Proj/Proj/dev-last/src/stella_ahrs/lib/MW_AHRS_amd64.a(MW_serial.o): Relocations in generic ELF (EM: 62)
[14.824s] /usr/bin/ld: /desktop/AMR-Proj/AMR_Proj/Proj/dev-last/src/stella_ahrs/lib/MW_AHRS_amd64.a(MW_serial.o): Relocations in generic ELF (EM: 62)
[14.826s] /usr/bin/ld: /desktop/AMR-Proj/AMR_Proj/Proj/dev-last/src/stella_ahrs/lib/MW_AHRS_amd64.a(MW_serial.o): Relocations in generic ELF (EM: 62)
[14.826s] /usr/bin/ld: /desktop/AMR-Proj/AMR_Proj/Proj/dev-last/src/stella_ahrs/lib/MW_AHRS_amd64.a(MW_serial.o): Relocations in generic ELF (EM: 62)
[14.836s] /usr/bin/ld: /desktop/AMR-Proj/AMR_Proj/Proj/dev-last/src/stella_ahrs/lib/MW_AHRS_amd64.a(MW_serial.o): Relocations in generic ELF (EM: 62)
[14.838s] /usr/bin/ld: /desktop/AMR-Proj/AMR_Proj/Proj/dev-last/src/stella_ahrs/lib/MW_AHRS_amd64.a(MW_serial.o): Relocations in generic ELF (EM: 62)
[14.838s] /usr/bin/ld: /desktop/AMR-Proj/AMR_Proj/Proj/dev-last/src/stella_ahrs/lib/MW_AHRS_amd64.a(MW_serial.o): Relocations in generic ELF (EM: 62)
[14.838s] /usr/bin/ld: /desktop/AMR-Proj/AMR_Proj/Proj/dev-last/src/stella_ahrs/lib/MW_AHRS_amd64.a(MW_serial.o): Relocations in generic ELF (EM: 62)
[14.838s] /usr/bin/ld: /desktop/AMR-Proj/AMR_Proj/Proj/dev-last/src/stella_ahrs/lib/MW_AHRS_amd64.a: error adding symbols: file in wrong format
[14.839s] collect2: error: ld returned 1 exit status
[14.844s] make[2]: *** [CMakeFiles/stella_ahrs_node.dir/build.make:232: stella_ahrs_node] Error 1
[14.852s] make[1]: *** [CMakeFiles/Makefile2:78: CMakeFiles/stella_ahrs_node.dir/all] Error 2
[14.852s] make: *** [Makefile:141: all] Error 2
[14.919s] Invoked command in '/desktop/AMR-Proj/AMR_Proj/Proj/dev-last/build/stella_ahrs' returned '2': CMAKE_PREFIX_PATH=${CMAKE_PREFIX_PATH}:/desktop/AMR-Proj/AMR_Proj/Proj/dev-last/install/omo_r1mini_bringup:/opt/ros/foxy /usr/bin/cmake --build /desktop/AMR-Proj/AMR_Proj/Proj/dev-last/build/stella_ahrs -- -j4 -l4
