-- The C compiler identification is GNU 9.4.0
-- The CXX compiler identification is GNU 9.4.0
-- Check for working C compiler: /usr/bin/cc
-- Check for working C compiler: /usr/bin/cc -- works
-- Detecting C compiler ABI info
-- Detecting C compiler ABI info - done
-- Detecting C compile features
-- Detecting C compile features - done
-- Check for working CXX compiler: /usr/bin/c++
-- Check for working CXX compiler: /usr/bin/c++ -- works
-- Detecting CXX compiler ABI info
-- Detecting CXX compiler ABI info - done
-- Detecting CXX compile features
-- Detecting CXX compile features - done
-- Found ament_cmake: 0.9.12 (/opt/ros/foxy/share/ament_cmake/cmake)
-- Found PythonInterp: /usr/bin/python3 (found suitable version "3.8.10", minimum required is "3") 
-- Using PYTHON_EXECUTABLE: /usr/bin/python3
-- Found rclcpp: 2.4.3 (/opt/ros/foxy/share/rclcpp/cmake)
-- Using all available rosidl_typesupport_c: rosidl_typesupport_fastrtps_c;rosidl_typesupport_introspection_c
-- Found rosidl_adapter: 1.3.1 (/opt/ros/foxy/share/rosidl_adapter/cmake)
-- Found OpenSSL: /usr/lib/aarch64-linux-gnu/libcrypto.so (found version "1.1.1f")  
-- Found FastRTPS: /opt/ros/foxy/include  
-- Using all available rosidl_typesupport_cpp: rosidl_typesupport_fastrtps_cpp;rosidl_typesupport_introspection_cpp
-- Found rmw_implementation_cmake: 1.0.4 (/opt/ros/foxy/share/rmw_implementation_cmake/cmake)
-- Using RMW implementation 'rmw_fastrtps_cpp' as default
-- Looking for pthread.h
-- Looking for pthread.h - found
-- Performing Test CMAKE_HAVE_LIBC_PTHREAD
-- Performing Test CMAKE_HAVE_LIBC_PTHREAD - Failed
-- Looking for pthread_create in pthreads
-- Looking for pthread_create in pthreads - not found
-- Looking for pthread_create in pthread
-- Looking for pthread_create in pthread - found
-- Found Threads: TRUE  
-- Found sensor_msgs: 2.0.5 (/opt/ros/foxy/share/sensor_msgs/cmake)
-- Found tf2: 0.13.14 (/opt/ros/foxy/share/tf2/cmake)
-- Found tf2_ros: 0.13.14 (/opt/ros/foxy/share/tf2_ros/cmake)
-- Configuring done
-- Generating done
-- Build files have been written to: /desktop/AMR-Proj/AMR_Proj/Proj/dev-last/build/stella_ahrs
[35m[1mScanning dependencies of target stella_ahrs_node[0m
[ 16%] [32mBuilding CXX object CMakeFiles/stella_ahrs_node.dir/serial/serial.cc.o[0m
[ 33%] [32mBuilding CXX object CMakeFiles/stella_ahrs_node.dir/serial/list_ports_linux.cc.o[0m
[ 50%] [32mBuilding CXX object CMakeFiles/stella_ahrs_node.dir/src/listener.cpp.o[0m
[ 66%] [32mBuilding CXX object CMakeFiles/stella_ahrs_node.dir/serial/unix.cc.o[0m
[01m[K/desktop/AMR-Proj/AMR_Proj/Proj/dev-last/src/stella_ahrs/serial/list_ports_linux.cc:[m[K In function â€˜[01m[Kstd::vector<std::__cxx11::basic_string<char> > glob(const std::vector<std::__cxx11::basic_string<char> >&)[m[Kâ€™:
[01m[K/desktop/AMR-Proj/AMR_Proj/Proj/dev-last/src/stella_ahrs/serial/list_ports_linux.cc:66:40:[m[K [01;35m[Kwarning: [m[Kcomparison of integer expressions of different signedness: â€˜[01m[Kint[m[Kâ€™ and â€˜[01m[Ksize_t[m[Kâ€™ {aka â€˜[01m[Klong unsigned int[m[Kâ€™} [[01;35m[K-Wsign-compare[m[K]
   66 |     for(int path_index = 0; [01;35m[Kpath_index < glob_results.gl_pathc[m[K; path_index++)
      |                             [01;35m[K~~~~~~~~~~~^~~~~~~~~~~~~~~~~~~~~~~[m[K
[01m[K/desktop/AMR-Proj/AMR_Proj/Proj/dev-last/src/stella_ahrs/serial/list_ports_linux.cc:57:9:[m[K [01;35m[Kwarning: [m[Kvariable â€˜[01m[Kglob_retval[m[Kâ€™ set but not used [[01;35m[K-Wunused-but-set-variable[m[K]
   57 |     int [01;35m[Kglob_retval[m[K = glob(patterns[0].c_str(), 0, NULL, &glob_results);
      |         [01;35m[K^~~~~~~~~~~[m[K
[01m[K/desktop/AMR-Proj/AMR_Proj/Proj/dev-last/src/stella_ahrs/serial/list_ports_linux.cc:[m[K In function â€˜[01m[Kstd::string format(const char*, ...)[m[Kâ€™:
[01m[K/desktop/AMR-Proj/AMR_Proj/Proj/dev-last/src/stella_ahrs/serial/list_ports_linux.cc:246:31:[m[K [01;35m[Kwarning: [m[Kcomparison of integer expressions of different signedness: â€˜[01m[Kint[m[Kâ€™ and â€˜[01m[Ksize_t[m[Kâ€™ {aka â€˜[01m[Klong unsigned int[m[Kâ€™} [[01;35m[K-Wsign-compare[m[K]
  246 |         else if( [01;35m[Kreturn_value >= buffer_size_bytes[m[K )
      |                  [01;35m[K~~~~~~~~~~~~~^~~~~~~~~~~~~~~~~~~~[m[K
[01m[K/desktop/AMR-Proj/AMR_Proj/Proj/dev-last/src/stella_ahrs/src/listener.cpp:[m[K In function â€˜[01m[Kint main(int, char**)[m[Kâ€™:
[01m[K/desktop/AMR-Proj/AMR_Proj/Proj/dev-last/src/stella_ahrs/src/listener.cpp:7:18:[m[K [01;35m[Kwarning: [m[KISO C++ forbids converting a string constant to â€˜[01m[Kchar*[m[Kâ€™ [[01;35m[K-Wwrite-strings[m[K]
    7 |     char *port = [01;35m[K"/dev/ttyUSB1"[m[K;
      |                  [01;35m[K^~~~~~~~~~~~~~[m[K
In file included from [01m[K/desktop/AMR-Proj/AMR_Proj/Proj/dev-last/src/stella_ahrs/src/listener.cpp:1[m[K:
[01m[K/desktop/AMR-Proj/AMR_Proj/Proj/dev-last/src/stella_ahrs/include/mw/mw_ahrs.hpp:[m[K At global scope:
[01m[K/desktop/AMR-Proj/AMR_Proj/Proj/dev-last/src/stella_ahrs/include/mw/mw_ahrs.hpp:41:13:[m[K [01;35m[Kwarning: [m[Kâ€˜[01m[Krun_bool[m[Kâ€™ defined but not used [[01;35m[K-Wunused-variable[m[K]
   41 | static bool [01;35m[Krun_bool[m[K = false;
      |             [01;35m[K^~~~~~~~[m[K
[01m[K/desktop/AMR-Proj/AMR_Proj/Proj/dev-last/src/stella_ahrs/include/mw/mw_ahrs.hpp:38:14:[m[K [01;35m[Kwarning: [m[Kâ€˜[01m[Kmag_value[m[Kâ€™ defined but not used [[01;35m[K-Wunused-variable[m[K]
   38 |              [01;35m[Kmag_value[m[K[3] = {
      |              [01;35m[K^~~~~~~~~[m[K
[01m[K/desktop/AMR-Proj/AMR_Proj/Proj/dev-last/src/stella_ahrs/include/mw/mw_ahrs.hpp:35:14:[m[K [01;35m[Kwarning: [m[Kâ€˜[01m[Kdeg_value[m[Kâ€™ defined but not used [[01;35m[K-Wunused-variable[m[K]
   35 |              [01;35m[Kdeg_value[m[K[3] = {
      |              [01;35m[K^~~~~~~~~[m[K
[01m[K/desktop/AMR-Proj/AMR_Proj/Proj/dev-last/src/stella_ahrs/include/mw/mw_ahrs.hpp:32:14:[m[K [01;35m[Kwarning: [m[Kâ€˜[01m[Kgyr_value[m[Kâ€™ defined but not used [[01;35m[K-Wunused-variable[m[K]
   32 |              [01;35m[Kgyr_value[m[K[3] = {
      |              [01;35m[K^~~~~~~~~[m[K
[01m[K/desktop/AMR-Proj/AMR_Proj/Proj/dev-last/src/stella_ahrs/include/mw/mw_ahrs.hpp:29:14:[m[K [01;35m[Kwarning: [m[Kâ€˜[01m[Kacc_value[m[Kâ€™ defined but not used [[01;35m[K-Wunused-variable[m[K]
   29 | static float [01;35m[Kacc_value[m[K[3] = {
      |              [01;35m[K^~~~~~~~~[m[K
[ 83%] [32mBuilding CXX object CMakeFiles/stella_ahrs_node.dir/mw/mw_ahrs.cpp.o[0m
[01m[K/desktop/AMR-Proj/AMR_Proj/Proj/dev-last/src/stella_ahrs/mw/mw_ahrs.cpp:[m[K In static member function â€˜[01m[Kstatic void* ntrex::MwAhrsRosDriver::MwAhrsRead(void*)[m[Kâ€™:
[01m[K/desktop/AMR-Proj/AMR_Proj/Proj/dev-last/src/stella_ahrs/mw/mw_ahrs.cpp:48:3:[m[K [01;35m[Kwarning: [m[Kno return statement in function returning non-void [[01;35m[K-Wreturn-type[m[K]
   48 |   [01;35m[K}[m[K
      |   [01;35m[K^[m[K
[01m[K/desktop/AMR-Proj/AMR_Proj/Proj/dev-last/src/stella_ahrs/mw/mw_ahrs.cpp:12:43:[m[K [01;35m[Kwarning: [m[Kunused parameter â€˜[01m[Karg[m[Kâ€™ [[01;35m[K-Wunused-parameter[m[K]
   12 |   void *MwAhrsRosDriver::MwAhrsRead([01;35m[Kvoid *arg[m[K)
      |                                     [01;35m[K~~~~~~^~~[m[K
[100%] [32m[1mLinking CXX executable stella_ahrs_node[0m
/usr/bin/ld: /desktop/AMR-Proj/AMR_Proj/Proj/dev-last/src/stella_ahrs/lib/MW_AHRS_amd64.a(MW_serial.o): Relocations in generic ELF (EM: 62)
/usr/bin/ld: /desktop/AMR-Proj/AMR_Proj/Proj/dev-last/src/stella_ahrs/lib/MW_AHRS_amd64.a(MW_serial.o): Relocations in generic ELF (EM: 62)
/usr/bin/ld: /desktop/AMR-Proj/AMR_Proj/Proj/dev-last/src/stella_ahrs/lib/MW_AHRS_amd64.a(MW_serial.o): Relocations in generic ELF (EM: 62)
/usr/bin/ld: /desktop/AMR-Proj/AMR_Proj/Proj/dev-last/src/stella_ahrs/lib/MW_AHRS_amd64.a(MW_serial.o): Relocations in generic ELF (EM: 62)
/usr/bin/ld: /desktop/AMR-Proj/AMR_Proj/Proj/dev-last/src/stella_ahrs/lib/MW_AHRS_amd64.a(MW_serial.o): Relocations in generic ELF (EM: 62)
/usr/bin/ld: /desktop/AMR-Proj/AMR_Proj/Proj/dev-last/src/stella_ahrs/lib/MW_AHRS_amd64.a(MW_serial.o): Relocations in generic ELF (EM: 62)
/usr/bin/ld: /desktop/AMR-Proj/AMR_Proj/Proj/dev-last/src/stella_ahrs/lib/MW_AHRS_amd64.a(MW_serial.o): Relocations in generic ELF (EM: 62)
/usr/bin/ld: /desktop/AMR-Proj/AMR_Proj/Proj/dev-last/src/stella_ahrs/lib/MW_AHRS_amd64.a(MW_serial.o): Relocations in generic ELF (EM: 62)
/usr/bin/ld: /desktop/AMR-Proj/AMR_Proj/Proj/dev-last/src/stella_ahrs/lib/MW_AHRS_amd64.a(MW_serial.o): Relocations in generic ELF (EM: 62)
/usr/bin/ld: /desktop/AMR-Proj/AMR_Proj/Proj/dev-last/src/stella_ahrs/lib/MW_AHRS_amd64.a: error adding symbols: file in wrong format
collect2: error: ld returned 1 exit status
make[2]: *** [CMakeFiles/stella_ahrs_node.dir/build.make:232: stella_ahrs_node] Error 1
make[1]: *** [CMakeFiles/Makefile2:78: CMakeFiles/stella_ahrs_node.dir/all] Error 2
make: *** [Makefile:141: all] Error 2
