[0.199s] Invoking command in '/desktop/AMR-Proj/AMR_Proj/Proj/dev-last/build/stella_ahrs': CMAKE_PREFIX_PATH=${CMAKE_PREFIX_PATH}:/desktop/AMR-Proj/AMR_Proj/Proj/dev-last/install/omo_r1mini_bringup:/opt/ros/foxy /usr/bin/cmake /desktop/AMR-Proj/AMR_Proj/Proj/dev-last/src/stella_ahrs -DCMAKE_INSTALL_PREFIX=/desktop/AMR-Proj/AMR_Proj/Proj/dev-last/install/stella_ahrs
[0.507s] -- The C compiler identification is GNU 9.4.0
[0.776s] -- The CXX compiler identification is GNU 9.4.0
[0.808s] -- Check for working C compiler: /usr/bin/cc
[1.114s] -- Check for working C compiler: /usr/bin/cc -- works
[1.118s] -- Detecting C compiler ABI info
[1.413s] -- Detecting C compiler ABI info - done
[1.440s] -- Detecting C compile features
[1.441s] -- Detecting C compile features - done
[1.457s] -- Check for working CXX compiler: /usr/bin/c++
[1.806s] -- Check for working CXX compiler: /usr/bin/c++ -- works
[1.823s] -- Detecting CXX compiler ABI info
[2.097s] -- Detecting CXX compiler ABI info - done
[2.125s] -- Detecting CXX compile features
[2.129s] -- Detecting CXX compile features - done
[2.136s] -- Found ament_cmake: 0.9.12 (/opt/ros/foxy/share/ament_cmake/cmake)
[2.210s] -- Found PythonInterp: /usr/bin/python3 (found suitable version "3.8.10", minimum required is "3") 
[2.210s] -- Using PYTHON_EXECUTABLE: /usr/bin/python3
[2.740s] -- Found rclcpp: 2.4.3 (/opt/ros/foxy/share/rclcpp/cmake)
[2.861s] -- Using all available rosidl_typesupport_c: rosidl_typesupport_fastrtps_c;rosidl_typesupport_introspection_c
[2.887s] -- Found rosidl_adapter: 1.3.1 (/opt/ros/foxy/share/rosidl_adapter/cmake)
[3.256s] -- Found OpenSSL: /usr/lib/aarch64-linux-gnu/libcrypto.so (found version "1.1.1f")  
[3.331s] -- Found FastRTPS: /opt/ros/foxy/include  
[3.527s] -- Using all available rosidl_typesupport_cpp: rosidl_typesupport_fastrtps_cpp;rosidl_typesupport_introspection_cpp
[3.618s] -- Found rmw_implementation_cmake: 1.0.4 (/opt/ros/foxy/share/rmw_implementation_cmake/cmake)
[3.622s] -- Using RMW implementation 'rmw_fastrtps_cpp' as default
[3.622s] -- Looking for pthread.h
[3.856s] -- Looking for pthread.h - found
[3.860s] -- Performing Test CMAKE_HAVE_LIBC_PTHREAD
[4.108s] -- Performing Test CMAKE_HAVE_LIBC_PTHREAD - Failed
[4.108s] -- Looking for pthread_create in pthreads
[4.258s] -- Looking for pthread_create in pthreads - not found
[4.260s] -- Looking for pthread_create in pthread
[4.440s] -- Looking for pthread_create in pthread - found
[4.442s] -- Found Threads: TRUE  
[4.675s] -- Found sensor_msgs: 2.0.5 (/opt/ros/foxy/share/sensor_msgs/cmake)
[4.847s] -- Found tf2: 0.13.14 (/opt/ros/foxy/share/tf2/cmake)
[4.867s] -- Found tf2_ros: 0.13.14 (/opt/ros/foxy/share/tf2_ros/cmake)
[5.539s] -- Configuring done
[5.566s] -- Generating done
[5.571s] -- Build files have been written to: /desktop/AMR-Proj/AMR_Proj/Proj/dev-last/build/stella_ahrs
[5.600s] Invoked command in '/desktop/AMR-Proj/AMR_Proj/Proj/dev-last/build/stella_ahrs' returned '0': CMAKE_PREFIX_PATH=${CMAKE_PREFIX_PATH}:/desktop/AMR-Proj/AMR_Proj/Proj/dev-last/install/omo_r1mini_bringup:/opt/ros/foxy /usr/bin/cmake /desktop/AMR-Proj/AMR_Proj/Proj/dev-last/src/stella_ahrs -DCMAKE_INSTALL_PREFIX=/desktop/AMR-Proj/AMR_Proj/Proj/dev-last/install/stella_ahrs
[5.604s] Invoking command in '/desktop/AMR-Proj/AMR_Proj/Proj/dev-last/build/stella_ahrs': CMAKE_PREFIX_PATH=${CMAKE_PREFIX_PATH}:/desktop/AMR-Proj/AMR_Proj/Proj/dev-last/install/omo_r1mini_bringup:/opt/ros/foxy /usr/bin/cmake --build /desktop/AMR-Proj/AMR_Proj/Proj/dev-last/build/stella_ahrs -- -j4 -l4
[5.727s] [35m[1mScanning dependencies of target stella_ahrs_node[0m
[5.816s] [ 16%] [32mBuilding CXX object CMakeFiles/stella_ahrs_node.dir/serial/serial.cc.o[0m
[5.836s] [ 33%] [32mBuilding CXX object CMakeFiles/stella_ahrs_node.dir/serial/list_ports_linux.cc.o[0m
[5.837s] [ 50%] [32mBuilding CXX object CMakeFiles/stella_ahrs_node.dir/src/listener.cpp.o[0m
[6.877s] [ 66%] [32mBuilding CXX object CMakeFiles/stella_ahrs_node.dir/serial/unix.cc.o[0m
[6.924s] [01m[K/desktop/AMR-Proj/AMR_Proj/Proj/dev-last/src/stella_ahrs/serial/list_ports_linux.cc:[m[K In function â€˜[01m[Kstd::vector<std::__cxx11::basic_string<char> > glob(const std::vector<std::__cxx11::basic_string<char> >&)[m[Kâ€™:
[6.924s] [01m[K/desktop/AMR-Proj/AMR_Proj/Proj/dev-last/src/stella_ahrs/serial/list_ports_linux.cc:66:40:[m[K [01;35m[Kwarning: [m[Kcomparison of integer expressions of different signedness: â€˜[01m[Kint[m[Kâ€™ and â€˜[01m[Ksize_t[m[Kâ€™ {aka â€˜[01m[Klong unsigned int[m[Kâ€™} [[01;35m[K-Wsign-compare[m[K]
[6.925s]    66 |     for(int path_index = 0; [01;35m[Kpath_index < glob_results.gl_pathc[m[K; path_index++)
[6.925s]       |                             [01;35m[K~~~~~~~~~~~^~~~~~~~~~~~~~~~~~~~~~~[m[K
[6.931s] [01m[K/desktop/AMR-Proj/AMR_Proj/Proj/dev-last/src/stella_ahrs/serial/list_ports_linux.cc:57:9:[m[K [01;35m[Kwarning: [m[Kvariable â€˜[01m[Kglob_retval[m[Kâ€™ set but not used [[01;35m[K-Wunused-but-set-variable[m[K]
[6.931s]    57 |     int [01;35m[Kglob_retval[m[K = glob(patterns[0].c_str(), 0, NULL, &glob_results);
[6.931s]       |         [01;35m[K^~~~~~~~~~~[m[K
[6.942s] [01m[K/desktop/AMR-Proj/AMR_Proj/Proj/dev-last/src/stella_ahrs/serial/list_ports_linux.cc:[m[K In function â€˜[01m[Kstd::string format(const char*, ...)[m[Kâ€™:
[6.942s] [01m[K/desktop/AMR-Proj/AMR_Proj/Proj/dev-last/src/stella_ahrs/serial/list_ports_linux.cc:246:31:[m[K [01;35m[Kwarning: [m[Kcomparison of integer expressions of different signedness: â€˜[01m[Kint[m[Kâ€™ and â€˜[01m[Ksize_t[m[Kâ€™ {aka â€˜[01m[Klong unsigned int[m[Kâ€™} [[01;35m[K-Wsign-compare[m[K]
[6.943s]   246 |         else if( [01;35m[Kreturn_value >= buffer_size_bytes[m[K )
[6.943s]       |                  [01;35m[K~~~~~~~~~~~~~^~~~~~~~~~~~~~~~~~~~[m[K
[9.864s] [01m[K/desktop/AMR-Proj/AMR_Proj/Proj/dev-last/src/stella_ahrs/src/listener.cpp:[m[K In function â€˜[01m[Kint main(int, char**)[m[Kâ€™:
[9.864s] [01m[K/desktop/AMR-Proj/AMR_Proj/Proj/dev-last/src/stella_ahrs/src/listener.cpp:7:18:[m[K [01;35m[Kwarning: [m[KISO C++ forbids converting a string constant to â€˜[01m[Kchar*[m[Kâ€™ [[01;35m[K-Wwrite-strings[m[K]
[9.864s]     7 |     char *port = [01;35m[K"/dev/ttyUSB1"[m[K;
[9.865s]       |                  [01;35m[K^~~~~~~~~~~~~~[m[K
[10.641s] In file included from [01m[K/desktop/AMR-Proj/AMR_Proj/Proj/dev-last/src/stella_ahrs/src/listener.cpp:1[m[K:
[10.641s] [01m[K/desktop/AMR-Proj/AMR_Proj/Proj/dev-last/src/stella_ahrs/include/mw/mw_ahrs.hpp:[m[K At global scope:
[10.641s] [01m[K/desktop/AMR-Proj/AMR_Proj/Proj/dev-last/src/stella_ahrs/include/mw/mw_ahrs.hpp:41:13:[m[K [01;35m[Kwarning: [m[Kâ€˜[01m[Krun_bool[m[Kâ€™ defined but not used [[01;35m[K-Wunused-variable[m[K]
[10.641s]    41 | static bool [01;35m[Krun_bool[m[K = false;
[10.641s]       |             [01;35m[K^~~~~~~~[m[K
[10.649s] [01m[K/desktop/AMR-Proj/AMR_Proj/Proj/dev-last/src/stella_ahrs/include/mw/mw_ahrs.hpp:38:14:[m[K [01;35m[Kwarning: [m[Kâ€˜[01m[Kmag_value[m[Kâ€™ defined but not used [[01;35m[K-Wunused-variable[m[K]
[10.649s]    38 |              [01;35m[Kmag_value[m[K[3] = {
[10.649s]       |              [01;35m[K^~~~~~~~~[m[K
[10.649s] [01m[K/desktop/AMR-Proj/AMR_Proj/Proj/dev-last/src/stella_ahrs/include/mw/mw_ahrs.hpp:35:14:[m[K [01;35m[Kwarning: [m[Kâ€˜[01m[Kdeg_value[m[Kâ€™ defined but not used [[01;35m[K-Wunused-variable[m[K]
[10.650s]    35 |              [01;35m[Kdeg_value[m[K[3] = {
[10.650s]       |              [01;35m[K^~~~~~~~~[m[K
[10.656s] [01m[K/desktop/AMR-Proj/AMR_Proj/Proj/dev-last/src/stella_ahrs/include/mw/mw_ahrs.hpp:32:14:[m[K [01;35m[Kwarning: [m[Kâ€˜[01m[Kgyr_value[m[Kâ€™ defined but not used [[01;35m[K-Wunused-variable[m[K]
[10.657s]    32 |              [01;35m[Kgyr_value[m[K[3] = {
[10.657s]       |              [01;35m[K^~~~~~~~~[m[K
[10.657s] [01m[K/desktop/AMR-Proj/AMR_Proj/Proj/dev-last/src/stella_ahrs/include/mw/mw_ahrs.hpp:29:14:[m[K [01;35m[Kwarning: [m[Kâ€˜[01m[Kacc_value[m[Kâ€™ defined but not used [[01;35m[K-Wunused-variable[m[K]
[10.657s]    29 | static float [01;35m[Kacc_value[m[K[3] = {
[10.657s]       |              [01;35m[K^~~~~~~~~[m[K
[10.840s] [ 83%] [32mBuilding CXX object CMakeFiles/stella_ahrs_node.dir/mw/mw_ahrs.cpp.o[0m
[14.462s] [01m[K/desktop/AMR-Proj/AMR_Proj/Proj/dev-last/src/stella_ahrs/mw/mw_ahrs.cpp:[m[K In static member function â€˜[01m[Kstatic void* ntrex::MwAhrsRosDriver::MwAhrsRead(void*)[m[Kâ€™:
[14.462s] [01m[K/desktop/AMR-Proj/AMR_Proj/Proj/dev-last/src/stella_ahrs/mw/mw_ahrs.cpp:48:3:[m[K [01;35m[Kwarning: [m[Kno return statement in function returning non-void [[01;35m[K-Wreturn-type[m[K]
[14.462s]    48 |   [01;35m[K}[m[K
[14.462s]       |   [01;35m[K^[m[K
[14.463s] [01m[K/desktop/AMR-Proj/AMR_Proj/Proj/dev-last/src/stella_ahrs/mw/mw_ahrs.cpp:12:43:[m[K [01;35m[Kwarning: [m[Kunused parameter â€˜[01m[Karg[m[Kâ€™ [[01;35m[K-Wunused-parameter[m[K]
[14.463s]    12 |   void *MwAhrsRosDriver::MwAhrsRead([01;35m[Kvoid *arg[m[K)
[14.463s]       |                                     [01;35m[K~~~~~~^~~[m[K
[20.300s] [100%] [32m[1mLinking CXX executable stella_ahrs_node[0m
[20.371s] /usr/bin/ld: /desktop/AMR-Proj/AMR_Proj/Proj/dev-last/src/stella_ahrs/lib/MW_AHRS_amd64.a(MW_serial.o): Relocations in generic ELF (EM: 62)
[20.371s] /usr/bin/ld: /desktop/AMR-Proj/AMR_Proj/Proj/dev-last/src/stella_ahrs/lib/MW_AHRS_amd64.a(MW_serial.o): Relocations in generic ELF (EM: 62)
[20.371s] /usr/bin/ld: /desktop/AMR-Proj/AMR_Proj/Proj/dev-last/src/stella_ahrs/lib/MW_AHRS_amd64.a(MW_serial.o): Relocations in generic ELF (EM: 62)
[20.372s] /usr/bin/ld: /desktop/AMR-Proj/AMR_Proj/Proj/dev-last/src/stella_ahrs/lib/MW_AHRS_amd64.a(MW_serial.o): Relocations in generic ELF (EM: 62)
[20.372s] /usr/bin/ld: /desktop/AMR-Proj/AMR_Proj/Proj/dev-last/src/stella_ahrs/lib/MW_AHRS_amd64.a(MW_serial.o): Relocations in generic ELF (EM: 62)
[20.372s] /usr/bin/ld: /desktop/AMR-Proj/AMR_Proj/Proj/dev-last/src/stella_ahrs/lib/MW_AHRS_amd64.a(MW_serial.o): Relocations in generic ELF (EM: 62)
[20.372s] /usr/bin/ld: /desktop/AMR-Proj/AMR_Proj/Proj/dev-last/src/stella_ahrs/lib/MW_AHRS_amd64.a(MW_serial.o): Relocations in generic ELF (EM: 62)
[20.372s] /usr/bin/ld: /desktop/AMR-Proj/AMR_Proj/Proj/dev-last/src/stella_ahrs/lib/MW_AHRS_amd64.a(MW_serial.o): Relocations in generic ELF (EM: 62)
[20.372s] /usr/bin/ld: /desktop/AMR-Proj/AMR_Proj/Proj/dev-last/src/stella_ahrs/lib/MW_AHRS_amd64.a(MW_serial.o): Relocations in generic ELF (EM: 62)
[20.372s] /usr/bin/ld: /desktop/AMR-Proj/AMR_Proj/Proj/dev-last/src/stella_ahrs/lib/MW_AHRS_amd64.a: error adding symbols: file in wrong format
[20.372s] collect2: error: ld returned 1 exit status
[20.375s] make[2]: *** [CMakeFiles/stella_ahrs_node.dir/build.make:232: stella_ahrs_node] Error 1
[20.376s] make[1]: *** [CMakeFiles/Makefile2:78: CMakeFiles/stella_ahrs_node.dir/all] Error 2
[20.376s] make: *** [Makefile:141: all] Error 2
[20.381s] Invoked command in '/desktop/AMR-Proj/AMR_Proj/Proj/dev-last/build/stella_ahrs' returned '2': CMAKE_PREFIX_PATH=${CMAKE_PREFIX_PATH}:/desktop/AMR-Proj/AMR_Proj/Proj/dev-last/install/omo_r1mini_bringup:/opt/ros/foxy /usr/bin/cmake --build /desktop/AMR-Proj/AMR_Proj/Proj/dev-last/build/stella_ahrs -- -j4 -l4
